<?xml version="1.0" encoding="UTF-8"?>
<testsuite name="com.github.lucasvferreira11.AuthServiceTest" tests="1" skipped="0" failures="0" errors="0" timestamp="2021-05-24T01:32:49" hostname="lucas-Lenovo-ideapad-330S-14IKB" time="0.022">
  <properties/>
  <testcase name="testItWorks()" classname="com.github.lucasvferreira11.AuthServiceTest" time="0.022"/>
  <system-out><![CDATA[?[36m22:32:48.810?[0;39m ?[1;30m[Test worker]?[0;39m ?[34mINFO ?[0;39m ?[35mi.m.context.env.DefaultEnvironment?[0;39m - Established active environments: [test]
]]></system-out>
  <system-err><![CDATA[]]></system-err>
</testsuite>
